<?xml version="1.0" encoding="UTF-8"?>
<!-- Generated by org.testng.reporters.JUnitXMLReporter -->
<testsuite ignored="0" hostname="karima-hp" failures="1" tests="5" name="Test" time="0.045" errors="0" timestamp="25 Mar 2023 15:31:36 GMT">
  <testcase classname="extra_package.RegisterTest" name="RegisterUser" time="0.012"/>
  <testcase classname="extra_package.LogoutTest" name="LogoutUser" time="0.001"/>
  <testcase classname="extra_package.SearchTest" name="SearchUser" time="0.001"/>
  <testcase classname="extra_package.SearchTest" name="SearchspecificproductTest" time="0.002">
    <failure type="java.lang.AssertionError" message="null">
      <![CDATA[java.lang.AssertionError: null
at extra_package.SearchTest.SearchspecificproductTest(SearchTest.java:17)
... Removed 27 stack frames]]>
    </failure>
  </testcase> <!-- SearchspecificproductTest -->
  <testcase classname="extra_package.LoginTest" name="LoginUser" time="0.001"/>
</testsuite> <!-- Test -->
