<?xml version="1.0" encoding="UTF-8"?>
<!-- Generated by org.testng.reporters.JUnitXMLReporter -->
<testsuite hostname="karima-hp" ignored="0" name="Test" tests="5" failures="1" timestamp="25 Mar 2023 15:34:27 GMT" time="0.044" errors="0">
  <testcase name="RegisterUser" time="0.007" classname="extra_package.RegisterTest"/>
  <testcase name="LogoutUser" time="0.0" classname="extra_package.LogoutTest"/>
  <testcase name="SearchUser" time="0.0" classname="extra_package.SearchTest"/>
  <testcase name="SearchspecificproductTest" time="0.002" classname="extra_package.SearchTest">
    <failure type="java.lang.AssertionError" message="null">
      <![CDATA[java.lang.AssertionError: null
at extra_package.SearchTest.SearchspecificproductTest(SearchTest.java:17)
... Removed 31 stack frames]]>
    </failure>
  </testcase> <!-- SearchspecificproductTest -->
  <testcase name="LoginUser" time="0.0" classname="extra_package.LoginTest"/>
</testsuite> <!-- Test -->
