<?xml version="1.0" encoding="UTF-8"?>
<testng-results skipped="0" failed="1" ignored="0" total="5" passed="4">
  <reporter-output>
  </reporter-output>
  <suite name="Suite" duration-ms="44" started-at="2023-03-25T15:34:27Z" finished-at="2023-03-25T15:34:27Z">
    <groups>
    </groups>
    <test name="Test" duration-ms="44" started-at="2023-03-25T15:34:27Z" finished-at="2023-03-25T15:34:27Z">
      <class name="extra_package.RegisterTest">
        <test-method status="PASS" signature="RegisterUser()[pri:0, instance:extra_package.RegisterTest@327b636c]" name="RegisterUser" duration-ms="7" started-at="2023-03-25T15:34:27Z" finished-at="2023-03-25T15:34:27Z">
          <reporter-output>
          </reporter-output>
        </test-method> <!-- RegisterUser -->
      </class> <!-- extra_package.RegisterTest -->
      <class name="extra_package.LogoutTest">
        <test-method status="PASS" signature="LogoutUser()[pri:0, instance:extra_package.LogoutTest@45dd4eda]" name="LogoutUser" duration-ms="0" started-at="2023-03-25T15:34:27Z" finished-at="2023-03-25T15:34:27Z">
          <reporter-output>
          </reporter-output>
        </test-method> <!-- LogoutUser -->
      </class> <!-- extra_package.LogoutTest -->
      <class name="extra_package.SearchTest">
        <test-method status="PASS" signature="SearchUser()[pri:0, instance:extra_package.SearchTest@60611244]" name="SearchUser" duration-ms="0" started-at="2023-03-25T15:34:27Z" finished-at="2023-03-25T15:34:27Z">
          <reporter-output>
          </reporter-output>
        </test-method> <!-- SearchUser -->
        <test-method status="FAIL" signature="SearchspecificproductTest()[pri:0, instance:extra_package.SearchTest@60611244]" name="SearchspecificproductTest" duration-ms="2" started-at="2023-03-25T15:34:27Z" finished-at="2023-03-25T15:34:27Z">
          <exception class="java.lang.AssertionError">
            <message>
              <![CDATA[null]]>
            </message>
            <full-stacktrace>
              <![CDATA[java.lang.AssertionError: null
at org.testng.Assert.fail(Assert.java:96)
at org.testng.Assert.fail(Assert.java:103)
at extra_package.SearchTest.SearchspecificproductTest(SearchTest.java:17)
at sun.reflect.NativeMethodAccessorImpl.invoke0(Native Method)
at sun.reflect.NativeMethodAccessorImpl.invoke(NativeMethodAccessorImpl.java:62)
at sun.reflect.DelegatingMethodAccessorImpl.invoke(DelegatingMethodAccessorImpl.java:43)
at java.lang.reflect.Method.invoke(Method.java:498)
at org.testng.internal.MethodInvocationHelper.invokeMethod(MethodInvocationHelper.java:124)
at org.testng.internal.Invoker.invokeMethod(Invoker.java:583)
at org.testng.internal.Invoker.invokeTestMethod(Invoker.java:719)
at org.testng.internal.Invoker.invokeTestMethods(Invoker.java:989)
at org.testng.internal.TestMethodWorker.invokeTestMethods(TestMethodWorker.java:125)
at org.testng.internal.TestMethodWorker.run(TestMethodWorker.java:109)
at org.testng.TestRunner.privateRun(TestRunner.java:648)
at org.testng.TestRunner.run(TestRunner.java:505)
at org.testng.SuiteRunner.runTest(SuiteRunner.java:455)
at org.testng.SuiteRunner.runSequentially(SuiteRunner.java:450)
at org.testng.SuiteRunner.privateRun(SuiteRunner.java:415)
at org.testng.SuiteRunner.run(SuiteRunner.java:364)
at org.testng.SuiteRunnerWorker.runSuite(SuiteRunnerWorker.java:52)
at org.testng.SuiteRunnerWorker.run(SuiteRunnerWorker.java:84)
at org.testng.TestNG.runSuitesSequentially(TestNG.java:1208)
at org.testng.TestNG.runSuitesLocally(TestNG.java:1137)
at org.testng.TestNG.runSuites(TestNG.java:1049)
at org.testng.TestNG.run(TestNG.java:1017)
at org.apache.maven.surefire.testng.TestNGExecutor.run(TestNGExecutor.java:324)
at org.apache.maven.surefire.testng.TestNGXmlTestSuite.execute(TestNGXmlTestSuite.java:74)
at org.apache.maven.surefire.testng.TestNGProvider.invoke(TestNGProvider.java:123)
at org.apache.maven.surefire.booter.ForkedBooter.runSuitesInProcess(ForkedBooter.java:456)
at org.apache.maven.surefire.booter.ForkedBooter.execute(ForkedBooter.java:169)
at org.apache.maven.surefire.booter.ForkedBooter.run(ForkedBooter.java:595)
at org.apache.maven.surefire.booter.ForkedBooter.main(ForkedBooter.java:581)
]]>
            </full-stacktrace>
          </exception> <!-- java.lang.AssertionError -->
          <reporter-output>
          </reporter-output>
        </test-method> <!-- SearchspecificproductTest -->
      </class> <!-- extra_package.SearchTest -->
      <class name="extra_package.LoginTest">
        <test-method status="PASS" signature="LoginUser()[pri:0, instance:extra_package.LoginTest@3745e5c6]" name="LoginUser" duration-ms="0" started-at="2023-03-25T15:34:27Z" finished-at="2023-03-25T15:34:27Z">
          <reporter-output>
          </reporter-output>
        </test-method> <!-- LoginUser -->
      </class> <!-- extra_package.LoginTest -->
    </test> <!-- Test -->
  </suite> <!-- Suite -->
</testng-results>
