<?xml version="1.0" encoding="UTF-8"?>
<testng-results ignored="0" total="5" passed="4" failed="1" skipped="0">
  <reporter-output>
  </reporter-output>
  <suite started-at="2023-03-25T15:31:35Z" name="Suite" finished-at="2023-03-25T15:31:36Z" duration-ms="45">
    <groups>
    </groups>
    <test started-at="2023-03-25T15:31:35Z" name="Test" finished-at="2023-03-25T15:31:36Z" duration-ms="45">
      <class name="extra_package.RegisterTest">
        <test-method signature="RegisterUser()[pri:0, instance:extra_package.RegisterTest@39de3d36]" started-at="2023-03-25T15:31:35Z" name="RegisterUser" finished-at="2023-03-25T15:31:36Z" duration-ms="12" status="PASS">
          <reporter-output>
          </reporter-output>
        </test-method> <!-- RegisterUser -->
      </class> <!-- extra_package.RegisterTest -->
      <class name="extra_package.LogoutTest">
        <test-method signature="LogoutUser()[pri:0, instance:extra_package.LogoutTest@6ce86ce1]" started-at="2023-03-25T15:31:36Z" name="LogoutUser" finished-at="2023-03-25T15:31:36Z" duration-ms="1" status="PASS">
          <reporter-output>
          </reporter-output>
        </test-method> <!-- LogoutUser -->
      </class> <!-- extra_package.LogoutTest -->
      <class name="extra_package.SearchTest">
        <test-method signature="SearchUser()[pri:0, instance:extra_package.SearchTest@54e7df6a]" started-at="2023-03-25T15:31:36Z" name="SearchUser" finished-at="2023-03-25T15:31:36Z" duration-ms="1" status="PASS">
          <reporter-output>
          </reporter-output>
        </test-method> <!-- SearchUser -->
        <test-method signature="SearchspecificproductTest()[pri:0, instance:extra_package.SearchTest@54e7df6a]" started-at="2023-03-25T15:31:36Z" name="SearchspecificproductTest" finished-at="2023-03-25T15:31:36Z" duration-ms="2" status="FAIL">
          <exception class="java.lang.AssertionError">
            <message>
              <![CDATA[null]]>
            </message>
            <full-stacktrace>
              <![CDATA[java.lang.AssertionError: null
at org.testng.Assert.fail(Assert.java:96)
at org.testng.Assert.fail(Assert.java:103)
at extra_package.SearchTest.SearchspecificproductTest(SearchTest.java:17)
at java.base/jdk.internal.reflect.NativeMethodAccessorImpl.invoke0(Native Method)
at java.base/jdk.internal.reflect.NativeMethodAccessorImpl.invoke(NativeMethodAccessorImpl.java:77)
at java.base/jdk.internal.reflect.DelegatingMethodAccessorImpl.invoke(DelegatingMethodAccessorImpl.java:43)
at java.base/java.lang.reflect.Method.invoke(Method.java:568)
at org.testng.internal.MethodInvocationHelper.invokeMethod(MethodInvocationHelper.java:124)
at org.testng.internal.Invoker.invokeMethod(Invoker.java:583)
at org.testng.internal.Invoker.invokeTestMethod(Invoker.java:719)
at org.testng.internal.Invoker.invokeTestMethods(Invoker.java:989)
at org.testng.internal.TestMethodWorker.invokeTestMethods(TestMethodWorker.java:125)
at org.testng.internal.TestMethodWorker.run(TestMethodWorker.java:109)
at org.testng.TestRunner.privateRun(TestRunner.java:648)
at org.testng.TestRunner.run(TestRunner.java:505)
at org.testng.SuiteRunner.runTest(SuiteRunner.java:455)
at org.testng.SuiteRunner.runSequentially(SuiteRunner.java:450)
at org.testng.SuiteRunner.privateRun(SuiteRunner.java:415)
at org.testng.SuiteRunner.run(SuiteRunner.java:364)
at org.testng.SuiteRunnerWorker.runSuite(SuiteRunnerWorker.java:52)
at org.testng.SuiteRunnerWorker.run(SuiteRunnerWorker.java:84)
at org.testng.TestNG.runSuitesSequentially(TestNG.java:1208)
at org.testng.TestNG.runSuitesLocally(TestNG.java:1137)
at org.testng.TestNG.runSuites(TestNG.java:1049)
at org.testng.TestNG.run(TestNG.java:1017)
at org.testng.remote.AbstractRemoteTestNG.run(AbstractRemoteTestNG.java:115)
at org.testng.remote.RemoteTestNG.initAndRun(RemoteTestNG.java:251)
at org.testng.remote.RemoteTestNG.main(RemoteTestNG.java:77)
]]>
            </full-stacktrace>
          </exception> <!-- java.lang.AssertionError -->
          <reporter-output>
          </reporter-output>
        </test-method> <!-- SearchspecificproductTest -->
      </class> <!-- extra_package.SearchTest -->
      <class name="extra_package.LoginTest">
        <test-method signature="LoginUser()[pri:0, instance:extra_package.LoginTest@3fed2870]" started-at="2023-03-25T15:31:36Z" name="LoginUser" finished-at="2023-03-25T15:31:36Z" duration-ms="1" status="PASS">
          <reporter-output>
          </reporter-output>
        </test-method> <!-- LoginUser -->
      </class> <!-- extra_package.LoginTest -->
    </test> <!-- Test -->
  </suite> <!-- Suite -->
</testng-results>
